<?xml version="1.0" encoding="UTF-8"?>
<testng-results skipped="1" failed="0" ignored="0" total="1" passed="0">
  <reporter-output>
  </reporter-output>
  <suite name="Default suite" duration-ms="44" started-at="2021-10-30T11:26:55Z" finished-at="2021-10-30T11:26:55Z">
    <groups>
    </groups>
    <test name="Default test" duration-ms="44" started-at="2021-10-30T11:26:55Z" finished-at="2021-10-30T11:26:55Z">
      <class name="sdet21.EndToEnd.RMG.CreateProjectAndVerifyInDB">
        <test-method status="FAIL" signature="bsConfig()[pri:0, instance:sdet21.EndToEnd.RMG.CreateProjectAndVerifyInDB@6093dd95]" name="bsConfig" is-config="true" duration-ms="95" started-at="2021-10-30T11:26:55Z" finished-at="2021-10-30T11:26:55Z">
          <exception class="java.lang.NullPointerException">
            <full-stacktrace>
              <![CDATA[java.lang.NullPointerException
at java.sql.DriverManager.registerDriver(DriverManager.java:361)
at java.sql.DriverManager.registerDriver(DriverManager.java:334)
at sdet21.GenericUtils.DataUtility.connectToDB(DataUtility.java:24)
at sdet21.GenericUtils.BaseClass.bsConfig(BaseClass.java:20)
at sun.reflect.NativeMethodAccessorImpl.invoke0(Native Method)
at sun.reflect.NativeMethodAccessorImpl.invoke(NativeMethodAccessorImpl.java:62)
at sun.reflect.DelegatingMethodAccessorImpl.invoke(DelegatingMethodAccessorImpl.java:43)
at java.lang.reflect.Method.invoke(Method.java:498)
at org.testng.internal.MethodInvocationHelper.invokeMethod(MethodInvocationHelper.java:124)
at org.testng.internal.MethodInvocationHelper.invokeMethodConsideringTimeout(MethodInvocationHelper.java:59)
at org.testng.internal.Invoker.invokeConfigurationMethod(Invoker.java:458)
at org.testng.internal.Invoker.invokeConfigurations(Invoker.java:222)
at org.testng.internal.Invoker.invokeConfigurations(Invoker.java:142)
at org.testng.SuiteRunner.privateRun(SuiteRunner.java:401)
at org.testng.SuiteRunner.run(SuiteRunner.java:364)
at org.testng.SuiteRunnerWorker.runSuite(SuiteRunnerWorker.java:52)
at org.testng.SuiteRunnerWorker.run(SuiteRunnerWorker.java:84)
at org.testng.TestNG.runSuitesSequentially(TestNG.java:1208)
at org.testng.TestNG.runSuitesLocally(TestNG.java:1137)
at org.testng.TestNG.runSuites(TestNG.java:1049)
at org.testng.TestNG.run(TestNG.java:1017)
at org.testng.remote.AbstractRemoteTestNG.run(AbstractRemoteTestNG.java:114)
at org.testng.remote.RemoteTestNG.initAndRun(RemoteTestNG.java:251)
at org.testng.remote.RemoteTestNG.main(RemoteTestNG.java:77)
]]>
            </full-stacktrace>
          </exception> <!-- java.lang.NullPointerException -->
          <reporter-output>
          </reporter-output>
        </test-method> <!-- bsConfig -->
        <test-method status="SKIP" signature="createProjectAndVerifyInDB()[pri:0, instance:sdet21.EndToEnd.RMG.CreateProjectAndVerifyInDB@6093dd95]" name="createProjectAndVerifyInDB" duration-ms="0" started-at="2021-10-30T11:26:55Z" finished-at="2021-10-30T11:26:55Z">
          <exception class="java.lang.NullPointerException">
            <full-stacktrace>
              <![CDATA[java.lang.NullPointerException
at java.sql.DriverManager.registerDriver(DriverManager.java:361)
at java.sql.DriverManager.registerDriver(DriverManager.java:334)
at sdet21.GenericUtils.DataUtility.connectToDB(DataUtility.java:24)
at sdet21.GenericUtils.BaseClass.bsConfig(BaseClass.java:20)
at sun.reflect.NativeMethodAccessorImpl.invoke0(Native Method)
at sun.reflect.NativeMethodAccessorImpl.invoke(NativeMethodAccessorImpl.java:62)
at sun.reflect.DelegatingMethodAccessorImpl.invoke(DelegatingMethodAccessorImpl.java:43)
at java.lang.reflect.Method.invoke(Method.java:498)
at org.testng.internal.MethodInvocationHelper.invokeMethod(MethodInvocationHelper.java:124)
at org.testng.internal.MethodInvocationHelper.invokeMethodConsideringTimeout(MethodInvocationHelper.java:59)
at org.testng.internal.Invoker.invokeConfigurationMethod(Invoker.java:458)
at org.testng.internal.Invoker.invokeConfigurations(Invoker.java:222)
at org.testng.internal.Invoker.invokeConfigurations(Invoker.java:142)
at org.testng.SuiteRunner.privateRun(SuiteRunner.java:401)
at org.testng.SuiteRunner.run(SuiteRunner.java:364)
at org.testng.SuiteRunnerWorker.runSuite(SuiteRunnerWorker.java:52)
at org.testng.SuiteRunnerWorker.run(SuiteRunnerWorker.java:84)
at org.testng.TestNG.runSuitesSequentially(TestNG.java:1208)
at org.testng.TestNG.runSuitesLocally(TestNG.java:1137)
at org.testng.TestNG.runSuites(TestNG.java:1049)
at org.testng.TestNG.run(TestNG.java:1017)
at org.testng.remote.AbstractRemoteTestNG.run(AbstractRemoteTestNG.java:114)
at org.testng.remote.RemoteTestNG.initAndRun(RemoteTestNG.java:251)
at org.testng.remote.RemoteTestNG.main(RemoteTestNG.java:77)
]]>
            </full-stacktrace>
          </exception> <!-- java.lang.NullPointerException -->
          <reporter-output>
          </reporter-output>
        </test-method> <!-- createProjectAndVerifyInDB -->
        <test-method status="SKIP" signature="asConfig()[pri:0, instance:sdet21.EndToEnd.RMG.CreateProjectAndVerifyInDB@6093dd95]" name="asConfig" is-config="true" duration-ms="0" started-at="2021-10-30T11:26:56Z" finished-at="2021-10-30T11:26:56Z">
          <reporter-output>
          </reporter-output>
        </test-method> <!-- asConfig -->
      </class> <!-- sdet21.EndToEnd.RMG.CreateProjectAndVerifyInDB -->
    </test> <!-- Default test -->
  </suite> <!-- Default suite -->
</testng-results>
