<?xml version="1.0" encoding="UTF-8"?>
<testng-results skipped="0" failed="0" ignored="0" total="1" passed="1">
  <reporter-output>
  </reporter-output>
  <suite name="Default suite" duration-ms="4977" started-at="2021-10-30T14:08:53Z" finished-at="2021-10-30T14:08:58Z">
    <groups>
    </groups>
    <test name="Default test" duration-ms="4977" started-at="2021-10-30T14:08:53Z" finished-at="2021-10-30T14:08:58Z">
      <class name="sdet21.EndToEnd.RMG.CreateProjectAndVerifyInDB">
        <test-method status="PASS" signature="bsConfig()[pri:0, instance:sdet21.EndToEnd.RMG.CreateProjectAndVerifyInDB@6093dd95]" name="bsConfig" is-config="true" duration-ms="1425" started-at="2021-10-30T14:08:52Z" finished-at="2021-10-30T14:08:53Z">
          <reporter-output>
          </reporter-output>
        </test-method> <!-- bsConfig -->
        <test-method status="PASS" signature="createProjectAndVerifyInDB()[pri:0, instance:sdet21.EndToEnd.RMG.CreateProjectAndVerifyInDB@6093dd95]" name="createProjectAndVerifyInDB" duration-ms="4945" started-at="2021-10-30T14:08:54Z" finished-at="2021-10-30T14:08:58Z">
          <reporter-output>
          </reporter-output>
        </test-method> <!-- createProjectAndVerifyInDB -->
        <test-method status="PASS" signature="asConfig()[pri:0, instance:sdet21.EndToEnd.RMG.CreateProjectAndVerifyInDB@6093dd95]" name="asConfig" is-config="true" duration-ms="16" started-at="2021-10-30T14:08:59Z" finished-at="2021-10-30T14:08:59Z">
          <reporter-output>
          </reporter-output>
        </test-method> <!-- asConfig -->
      </class> <!-- sdet21.EndToEnd.RMG.CreateProjectAndVerifyInDB -->
    </test> <!-- Default test -->
  </suite> <!-- Default suite -->
</testng-results>
